<?xml version="1.0" encoding="UTF-8"?>
<!-- Generated by org.testng.reporters.JUnitXMLReporter -->
<testsuite ignored="0" hostname="DESKTOP-33SIMU9" failures="0" tests="2" name="OrangeHRM Automation Test" time="12.015" errors="0" timestamp="2021-08-05T17:43:13 CDT">
  <testcase classname="com.orangehrm.qa.test.LoginpPageTest" name="Verifyloginpannel" time="0.126"/>
  <testcase classname="com.orangehrm.qa.test.LoginpPageTest" name="Verifylogin" time="1.492"/>
</testsuite> <!-- OrangeHRM Automation Test -->
