<?xml version="1.0" encoding="UTF-8"?>
<!-- Generated by org.testng.reporters.JUnitXMLReporter -->
<testsuite ignored="0" hostname="DESKTOP-33SIMU9" failures="2" tests="3" name="OrangeHRM Automation Test" time="18.45" errors="0" timestamp="2021-09-04T21:50:11 CDT">
  <testcase classname="com.orangehrm.qa.test.LoginpPageTest" name="Verifyloginpannel" time="0.171"/>
  <testcase classname="com.orangehrm.qa.test.LoginpPageTest" name="Verifylogin" time="1.164">
    <failure type="java.lang.AssertionError" message="expected [true] but found [false]">
      <![CDATA[java.lang.AssertionError: expected [true] but found [false]
at com.orangehrm.qa.test.LoginpPageTest.Verifylogin(LoginpPageTest.java:44)
at java.base/java.util.ArrayList.forEach(ArrayList.java:1541)
... Removed 31 stack frames]]>
    </failure>
  </testcase> <!-- Verifylogin -->
  <testcase classname="com.orangehrm.qa.test.LoginpPageTest" name="Verifylogin" time="1.279">
    <failure type="java.lang.AssertionError" message="expected [true] but found [false]">
      <![CDATA[java.lang.AssertionError: expected [true] but found [false]
at com.orangehrm.qa.test.LoginpPageTest.Verifylogin(LoginpPageTest.java:44)
at java.base/java.util.ArrayList.forEach(ArrayList.java:1541)
... Removed 31 stack frames]]>
    </failure>
  </testcase> <!-- Verifylogin -->
</testsuite> <!-- OrangeHRM Automation Test -->
