<?xml version="1.0" encoding="UTF-8"?>
<testng-results ignored="0" total="1" passed="1" failed="0" skipped="0">
  <reporter-output>
  </reporter-output>
  <suite started-at="2021-09-16T10:17:55 CDT" name="Default suite" finished-at="2021-09-16T10:18:06 CDT" duration-ms="11036">
    <groups>
    </groups>
    <test started-at="2021-09-16T10:17:55 CDT" name="Default test" finished-at="2021-09-16T10:18:06 CDT" duration-ms="11036">
      <class name="com.orangehrm.qa.test.AttendenceRecordPageTest">
        <test-method is-config="true" signature="setup()[pri:0, instance:com.orangehrm.qa.test.AttendenceRecordPageTest@5fbdfdcf]" started-at="2021-09-16T10:17:55 CDT" name="setup" finished-at="2021-09-16T10:18:01 CDT" duration-ms="5864" status="PASS">
          <reporter-output>
          </reporter-output>
        </test-method> <!-- setup -->
        <test-method is-config="true" signature="beforesetup()[pri:0, instance:com.orangehrm.qa.test.AttendenceRecordPageTest@5fbdfdcf]" started-at="2021-09-16T10:18:01 CDT" name="beforesetup" finished-at="2021-09-16T10:18:05 CDT" duration-ms="4189" status="PASS">
          <reporter-output>
          </reporter-output>
        </test-method> <!-- beforesetup -->
        <test-method signature="verifyLogo()[pri:0, instance:com.orangehrm.qa.test.AttendenceRecordPageTest@5fbdfdcf]" started-at="2021-09-16T10:18:05 CDT" name="verifyLogo" finished-at="2021-09-16T10:18:05 CDT" duration-ms="104" status="PASS">
          <reporter-output>
          </reporter-output>
        </test-method> <!-- verifyLogo -->
        <test-method is-config="true" signature="teardown()[pri:0, instance:com.orangehrm.qa.test.AttendenceRecordPageTest@5fbdfdcf]" started-at="2021-09-16T10:18:05 CDT" name="teardown" finished-at="2021-09-16T10:18:06 CDT" duration-ms="824" status="PASS">
          <reporter-output>
          </reporter-output>
        </test-method> <!-- teardown -->
      </class> <!-- com.orangehrm.qa.test.AttendenceRecordPageTest -->
    </test> <!-- Default test -->
  </suite> <!-- Default suite -->
</testng-results>
